{
  "stats": {
    "suites": 1,
    "tests": 2,
    "passes": 2,
    "pending": 0,
    "failures": 0,
    "start": "2025-05-19T18:55:11.899Z",
    "end": "2025-05-19T18:55:15.688Z",
    "duration": 3789,
    "testsRegistered": 2,
    "passPercent": 100,
    "pendingPercent": 0,
    "other": 0,
    "hasOther": false,
    "skipped": 0,
    "hasSkipped": false
  },
  "results": [
    {
      "uuid": "e2ef46f0-2c74-4c48-b872-7f22801861b9",
      "title": "",
      "fullFile": "cypress\\e2e\\2-advanced-examples\\aliasing.cy.js",
      "file": "cypress\\e2e\\2-advanced-examples\\aliasing.cy.js",
      "beforeHooks": [],
      "afterHooks": [],
      "tests": [],
      "suites": [
        {
          "uuid": "ecff90ed-5af3-4646-b7da-3c125e92ffda",
          "title": "Aliasing",
          "fullFile": "",
          "file": "",
          "beforeHooks": [],
          "afterHooks": [],
          "tests": [
            {
              "title": ".as() - alias a DOM element for later use",
              "fullTitle": "Aliasing .as() - alias a DOM element for later use",
              "timedOut": null,
              "duration": 567,
              "state": "passed",
              "speed": "fast",
              "pass": true,
              "fail": false,
              "pending": false,
              "context": null,
              "code": "// https://on.cypress.io/as\n// Alias a DOM element for use later\n// We don't have to traverse to the element\n// later in our code, we reference it with @\ncy.get('.as-table').find('tbody>tr').first().find('td').first().find('button').as('firstBtn');\n// when we reference the alias, we place an\n// @ in front of its name\ncy.get('@firstBtn').click();\ncy.get('@firstBtn').should('have.class', 'btn-success').and('contain', 'Changed');",
              "err": {},
              "uuid": "f9fe4bf1-c639-4a75-a349-0e3be7789609",
              "parentUUID": "ecff90ed-5af3-4646-b7da-3c125e92ffda",
              "isHook": false,
              "skipped": false
            },
            {
              "title": ".as() - alias a route for later use",
              "fullTitle": "Aliasing .as() - alias a route for later use",
              "timedOut": null,
              "duration": 1258,
              "state": "passed",
              "speed": "fast",
              "pass": true,
              "fail": false,
              "pending": false,
              "context": null,
              "code": "// Alias the route to wait for its response\ncy.intercept('GET', '**/comments/*').as('getComment');\n// we have code that gets a comment when\n// the button is clicked in scripts.js\ncy.get('.network-btn').click();\n// https://on.cypress.io/wait\ncy.wait('@getComment').its('response.statusCode').should('eq', 200);",
              "err": {},
              "uuid": "ce4b9226-a045-48df-a296-b96ea1ba671c",
              "parentUUID": "ecff90ed-5af3-4646-b7da-3c125e92ffda",
              "isHook": false,
              "skipped": false
            }
          ],
          "suites": [],
          "passes": [
            "f9fe4bf1-c639-4a75-a349-0e3be7789609",
            "ce4b9226-a045-48df-a296-b96ea1ba671c"
          ],
          "failures": [],
          "pending": [],
          "skipped": [],
          "duration": 1825,
          "root": false,
          "rootEmpty": false,
          "_timeout": 2000
        }
      ],
      "passes": [],
      "failures": [],
      "pending": [],
      "skipped": [],
      "duration": 0,
      "root": true,
      "rootEmpty": true,
      "_timeout": 2000
    }
  ],
  "meta": {
    "mocha": {
      "version": "7.2.0"
    },
    "mochawesome": {
      "options": {
        "quiet": false,
        "reportFilename": "mochawesome",
        "saveHtml": true,
        "saveJson": true,
        "consoleReporter": "spec",
        "useInlineDiffs": false,
        "code": true
      },
      "version": "7.1.3"
    },
    "marge": {
      "options": {
        "reportDir": "cypress/reports/mochawesome",
        "overwrite": false,
        "html": true,
        "json": true,
        "charts": true
      },
      "version": "6.2.0"
    }
  }
}