{
  "stats": {
    "suites": 3,
    "tests": 9,
    "passes": 9,
    "pending": 0,
    "failures": 0,
    "start": "2025-05-19T19:01:21.780Z",
    "end": "2025-05-19T19:01:27.238Z",
    "duration": 5458,
    "testsRegistered": 9,
    "passPercent": 100,
    "pendingPercent": 0,
    "other": 0,
    "hasOther": false,
    "skipped": 0,
    "hasSkipped": false
  },
  "results": [
    {
      "uuid": "89301074-0bc6-4394-b5fe-23c4a48df84f",
      "title": "",
      "fullFile": "cypress\\e2e\\2-advanced-examples\\assertions.cy.js",
      "file": "cypress\\e2e\\2-advanced-examples\\assertions.cy.js",
      "beforeHooks": [],
      "afterHooks": [],
      "tests": [],
      "suites": [
        {
          "uuid": "df3ea0b7-e069-43a1-a436-44623a8c2375",
          "title": "Assertions",
          "fullFile": "",
          "file": "",
          "beforeHooks": [],
          "afterHooks": [],
          "tests": [],
          "suites": [
            {
              "uuid": "3882aa3a-5add-4f6b-a12c-465bfc9571ae",
              "title": "Implicit Assertions",
              "fullFile": "",
              "file": "",
              "beforeHooks": [],
              "afterHooks": [],
              "tests": [
                {
                  "title": ".should() - make an assertion about the current subject",
                  "fullTitle": "Assertions Implicit Assertions .should() - make an assertion about the current subject",
                  "timedOut": null,
                  "duration": 536,
                  "state": "passed",
                  "speed": "fast",
                  "pass": true,
                  "fail": false,
                  "pending": false,
                  "context": null,
                  "code": "// https://on.cypress.io/should\ncy.get('.assertion-table').find('tbody tr:last').should('have.class', 'success').find('td').first()\n// checking the text of the <td> element in various ways\n.should('have.text', 'Column content').should('contain', 'Column content').should('have.html', 'Column content')\n// chai-jquery uses \"is()\" to check if element matches selector\n.should('match', 'td')\n// to match text content against a regular expression\n// first need to invoke jQuery method text()\n// and then match using regular expression\n.invoke('text').should('match', /column content/i);\n// a better way to check element's text content against a regular expression\n// is to use \"cy.contains\"\n// https://on.cypress.io/contains\ncy.get('.assertion-table').find('tbody tr:last')\n// finds first <td> element with text content matching regular expression\n.contains('td', /column content/i).should('be.visible');\n// for more information about asserting element's text\n// see https://on.cypress.io/using-cypress-faq#How-do-I-get-an-element’s-text-contents",
                  "err": {},
                  "uuid": "5d5803d1-6f0b-418d-bc91-cbcc2bfe596c",
                  "parentUUID": "3882aa3a-5add-4f6b-a12c-465bfc9571ae",
                  "isHook": false,
                  "skipped": false
                },
                {
                  "title": ".and() - chain multiple assertions together",
                  "fullTitle": "Assertions Implicit Assertions .and() - chain multiple assertions together",
                  "timedOut": null,
                  "duration": 195,
                  "state": "passed",
                  "speed": "fast",
                  "pass": true,
                  "fail": false,
                  "pending": false,
                  "context": null,
                  "code": "// https://on.cypress.io/and\ncy.get('.assertions-link').should('have.class', 'active').and('have.attr', 'href').and('include', 'cypress.io');",
                  "err": {},
                  "uuid": "66b5fd73-0449-4d0e-a488-d5c34144f2e4",
                  "parentUUID": "3882aa3a-5add-4f6b-a12c-465bfc9571ae",
                  "isHook": false,
                  "skipped": false
                }
              ],
              "suites": [],
              "passes": [
                "5d5803d1-6f0b-418d-bc91-cbcc2bfe596c",
                "66b5fd73-0449-4d0e-a488-d5c34144f2e4"
              ],
              "failures": [],
              "pending": [],
              "skipped": [],
              "duration": 731,
              "root": false,
              "rootEmpty": false,
              "_timeout": 2000
            },
            {
              "uuid": "e8135649-8bc1-4dfa-90e0-ecaac54c2a95",
              "title": "Explicit Assertions",
              "fullFile": "",
              "file": "",
              "beforeHooks": [],
              "afterHooks": [],
              "tests": [
                {
                  "title": "expect - make an assertion about a specified subject",
                  "fullTitle": "Assertions Explicit Assertions expect - make an assertion about a specified subject",
                  "timedOut": null,
                  "duration": 182,
                  "state": "passed",
                  "speed": "fast",
                  "pass": true,
                  "fail": false,
                  "pending": false,
                  "context": null,
                  "code": "// We can use Chai's BDD style assertions\nexpect(true).to.be.true;\nconst o = {\n  foo: 'bar'\n};\nexpect(o).to.equal(o);\nexpect(o).to.deep.equal({\n  foo: 'bar'\n});\n// matching text using regular expression\nexpect('FooBar').to.match(/bar$/i);",
                  "err": {},
                  "uuid": "17ed5dc7-e2e2-407f-84ae-bb36655e1de8",
                  "parentUUID": "e8135649-8bc1-4dfa-90e0-ecaac54c2a95",
                  "isHook": false,
                  "skipped": false
                },
                {
                  "title": "pass your own callback function to should()",
                  "fullTitle": "Assertions Explicit Assertions pass your own callback function to should()",
                  "timedOut": null,
                  "duration": 179,
                  "state": "passed",
                  "speed": "fast",
                  "pass": true,
                  "fail": false,
                  "pending": false,
                  "context": null,
                  "code": "// Pass a function to should that can have any number\n// of explicit assertions within it.\n// The \".should(cb)\" function will be retried\n// automatically until it passes all your explicit assertions or times out.\ncy.get('.assertions-p').find('p').should($p => {\n  // https://on.cypress.io/$\n  // return an array of texts from all of the p's\n  const texts = $p.map((i, el) => Cypress.$(el).text());\n  // jquery map returns jquery object\n  // and .get() convert this to simple array\n  const paragraphs = texts.get();\n  // array should have length of 3\n  expect(paragraphs, 'has 3 paragraphs').to.have.length(3);\n  // use second argument to expect(...) to provide clear\n  // message with each assertion\n  expect(paragraphs, 'has expected text in each paragraph').to.deep.eq(['Some text from first p', 'More text from second p', 'And even more text from third p']);\n});",
                  "err": {},
                  "uuid": "cd1aed50-718a-45d3-93ae-3f79799b5088",
                  "parentUUID": "e8135649-8bc1-4dfa-90e0-ecaac54c2a95",
                  "isHook": false,
                  "skipped": false
                },
                {
                  "title": "finds element by class name regex",
                  "fullTitle": "Assertions Explicit Assertions finds element by class name regex",
                  "timedOut": null,
                  "duration": 164,
                  "state": "passed",
                  "speed": "fast",
                  "pass": true,
                  "fail": false,
                  "pending": false,
                  "context": null,
                  "code": "cy.get('.docs-header').find('div')\n// .should(cb) callback function will be retried\n.should($div => {\n  expect($div).to.have.length(1);\n  const className = $div[0].className;\n  expect(className).to.match(/heading-/);\n})\n// .then(cb) callback is not retried,\n// it either passes or fails\n.then($div => {\n  expect($div, 'text content').to.have.text('Introduction');\n});",
                  "err": {},
                  "uuid": "ba1d3b2b-bed5-493b-af05-34590e4399b1",
                  "parentUUID": "e8135649-8bc1-4dfa-90e0-ecaac54c2a95",
                  "isHook": false,
                  "skipped": false
                },
                {
                  "title": "can throw any error",
                  "fullTitle": "Assertions Explicit Assertions can throw any error",
                  "timedOut": null,
                  "duration": 171,
                  "state": "passed",
                  "speed": "fast",
                  "pass": true,
                  "fail": false,
                  "pending": false,
                  "context": null,
                  "code": "cy.get('.docs-header').find('div').should($div => {\n  if ($div.length !== 1) {\n    // you can throw your own errors\n    throw new Error('Did not find 1 element');\n  }\n  const className = $div[0].className;\n  if (!className.match(/heading-/)) {\n    throw new Error(`Could not find class \"heading-\" in ${className}`);\n  }\n});",
                  "err": {},
                  "uuid": "15258890-ee40-4cfb-8373-0568a6017528",
                  "parentUUID": "e8135649-8bc1-4dfa-90e0-ecaac54c2a95",
                  "isHook": false,
                  "skipped": false
                },
                {
                  "title": "matches unknown text between two elements",
                  "fullTitle": "Assertions Explicit Assertions matches unknown text between two elements",
                  "timedOut": null,
                  "duration": 151,
                  "state": "passed",
                  "speed": "fast",
                  "pass": true,
                  "fail": false,
                  "pending": false,
                  "context": null,
                  "code": "/**\n * Text from the first element.\n * @type {string}\n*/\nlet text;\n/**\n * Normalizes passed text,\n * useful before comparing text with spaces and different capitalization.\n * @param {string} s Text to normalize\n*/\nconst normalizeText = s => s.replace(/\\s/g, '').toLowerCase();\ncy.get('.two-elements').find('.first').then($first => {\n  // save text from the first element\n  text = normalizeText($first.text());\n});\ncy.get('.two-elements').find('.second').should($div => {\n  // we can massage text before comparing\n  const secondText = normalizeText($div.text());\n  expect(secondText, 'second text').to.equal(text);\n});",
                  "err": {},
                  "uuid": "674a0e54-6f1f-4f66-80f9-4a5448b700a9",
                  "parentUUID": "e8135649-8bc1-4dfa-90e0-ecaac54c2a95",
                  "isHook": false,
                  "skipped": false
                },
                {
                  "title": "assert - assert shape of an object",
                  "fullTitle": "Assertions Explicit Assertions assert - assert shape of an object",
                  "timedOut": null,
                  "duration": 150,
                  "state": "passed",
                  "speed": "fast",
                  "pass": true,
                  "fail": false,
                  "pending": false,
                  "context": null,
                  "code": "const person = {\n  name: 'Joe',\n  age: 20\n};\nassert.isObject(person, 'value is object');",
                  "err": {},
                  "uuid": "b8897fce-8458-4a40-8a7d-536196811cd3",
                  "parentUUID": "e8135649-8bc1-4dfa-90e0-ecaac54c2a95",
                  "isHook": false,
                  "skipped": false
                },
                {
                  "title": "retries the should callback until assertions pass",
                  "fullTitle": "Assertions Explicit Assertions retries the should callback until assertions pass",
                  "timedOut": null,
                  "duration": 1643,
                  "state": "passed",
                  "speed": "fast",
                  "pass": true,
                  "fail": false,
                  "pending": false,
                  "context": null,
                  "code": "cy.get('#random-number').should($div => {\n  const n = parseFloat($div.text());\n  expect(n).to.be.gte(1).and.be.lte(10);\n});",
                  "err": {},
                  "uuid": "5e354f70-9434-4de9-9e2b-d4f87605c1b0",
                  "parentUUID": "e8135649-8bc1-4dfa-90e0-ecaac54c2a95",
                  "isHook": false,
                  "skipped": false
                }
              ],
              "suites": [],
              "passes": [
                "17ed5dc7-e2e2-407f-84ae-bb36655e1de8",
                "cd1aed50-718a-45d3-93ae-3f79799b5088",
                "ba1d3b2b-bed5-493b-af05-34590e4399b1",
                "15258890-ee40-4cfb-8373-0568a6017528",
                "674a0e54-6f1f-4f66-80f9-4a5448b700a9",
                "b8897fce-8458-4a40-8a7d-536196811cd3",
                "5e354f70-9434-4de9-9e2b-d4f87605c1b0"
              ],
              "failures": [],
              "pending": [],
              "skipped": [],
              "duration": 2640,
              "root": false,
              "rootEmpty": false,
              "_timeout": 2000
            }
          ],
          "passes": [],
          "failures": [],
          "pending": [],
          "skipped": [],
          "duration": 0,
          "root": false,
          "rootEmpty": false,
          "_timeout": 2000
        }
      ],
      "passes": [],
      "failures": [],
      "pending": [],
      "skipped": [],
      "duration": 0,
      "root": true,
      "rootEmpty": true,
      "_timeout": 2000
    }
  ],
  "meta": {
    "mocha": {
      "version": "7.2.0"
    },
    "mochawesome": {
      "options": {
        "quiet": false,
        "reportFilename": "mochawesome",
        "saveHtml": true,
        "saveJson": true,
        "consoleReporter": "spec",
        "useInlineDiffs": false,
        "code": true
      },
      "version": "7.1.3"
    },
    "marge": {
      "options": {
        "reportDir": "cypress/reports/mochawesome",
        "overwrite": false,
        "html": true,
        "json": true,
        "charts": true
      },
      "version": "6.2.0"
    }
  }
}